<?xml version="1.0" encoding="UTF-8"?>
<!-- Generated by org.testng.reporters.JUnitReportReporter -->
<testsuite hostname="DESKTOP-3Q1P2JJ" failures="0" tests="1" name="com.mystore.testcases.TC_MyAccountPage" time="20.411" errors="0" timestamp="2025-08-03T23:31:10 IST" skipped="0">
  <testcase classname="com.mystore.testcases.TC_MyAccountPage" name="verifyRegistrationAndLogin" time="20.411"/>
</testsuite> <!-- com.mystore.testcases.TC_MyAccountPage -->
